<?xml version="1.0" encoding="UTF-8"?>
<testng-results skipped="0" failed="0" ignored="0" total="1" passed="1">
  <reporter-output>
  </reporter-output>
  <suite name="Default suite" duration-ms="43356" started-at="2021-02-13T06:09:19Z" finished-at="2021-02-13T06:10:02Z">
    <groups>
    </groups>
    <test name="Default test" duration-ms="43356" started-at="2021-02-13T06:09:19Z" finished-at="2021-02-13T06:10:02Z">
      <class name="TestScripts.Automationtest">
        <test-method status="PASS" signature="setup()[pri:0, instance:TestScripts.Automationtest@68c4039c]" name="setup" is-config="true" duration-ms="2351" started-at="2021-02-13T06:09:19Z" finished-at="2021-02-13T06:09:21Z">
          <reporter-output>
          </reporter-output>
        </test-method> <!-- setup -->
        <test-method status="PASS" signature="moneyTransfer()[pri:0, instance:TestScripts.Automationtest@68c4039c]" name="moneyTransfer" duration-ms="40091" started-at="2021-02-13T06:09:21Z" finished-at="2021-02-13T06:10:01Z">
          <reporter-output>
          </reporter-output>
        </test-method> <!-- moneyTransfer -->
        <test-method status="PASS" signature="tearDown()[pri:0, instance:TestScripts.Automationtest@68c4039c]" name="tearDown" is-config="true" duration-ms="861" started-at="2021-02-13T06:10:01Z" finished-at="2021-02-13T06:10:02Z">
          <reporter-output>
          </reporter-output>
        </test-method> <!-- tearDown -->
      </class> <!-- TestScripts.Automationtest -->
    </test> <!-- Default test -->
  </suite> <!-- Default suite -->
</testng-results>
